<?xml version="1.0" encoding="UTF-8"?>
<testng-results skipped="0" failed="2" ignored="0" total="2" passed="0">
  <reporter-output>
  </reporter-output>
  <suite name="Default suite" duration-ms="6368" started-at="2019-11-11T05:44:53Z" finished-at="2019-11-11T05:44:59Z">
    <groups>
    </groups>
    <test name="Default test" duration-ms="6368" started-at="2019-11-11T05:44:53Z" finished-at="2019-11-11T05:44:59Z">
      <class name="com.TestVagrant.AppiumPOM.ApiDemoTest">
        <test-method status="PASS" signature="killAllNodes()[pri:0, instance:com.TestVagrant.AppiumPOM.ApiDemoTest@3a5ed7a6]" name="killAllNodes" is-config="true" duration-ms="3050" started-at="2019-11-11T05:44:53Z" finished-at="2019-11-11T05:44:56Z">
          <reporter-output>
          </reporter-output>
        </test-method> <!-- killAllNodes -->
        <test-method status="PASS" signature="startServerForTests()[pri:0, instance:com.TestVagrant.AppiumPOM.ApiDemoTest@3a5ed7a6]" name="startServerForTests" is-config="true" duration-ms="1180" started-at="2019-11-11T05:44:56Z" finished-at="2019-11-11T05:44:57Z">
          <reporter-output>
          </reporter-output>
        </test-method> <!-- startServerForTests -->
        <test-method status="FAIL" signature="preferenceTabTest(java.lang.String)[pri:0, instance:com.TestVagrant.AppiumPOM.ApiDemoTest@3a5ed7a6]" name="preferenceTabTest" duration-ms="16" started-at="2019-11-11T05:44:57Z" data-provider="InputData" finished-at="2019-11-11T05:44:57Z">
          <params>
            <param index="0">
              <value>
                <![CDATA[hello]]>
              </value>
            </param>
          </params>
          <exception class="java.io.IOException">
            <message>
              <![CDATA[Cannot run program "/Users/mdyusufansari/eclipse-workspace/AppiumPOM/src/main/java/resources/yusufEmulator": error=13, Permission denied]]>
            </message>
            <full-stacktrace>
              <![CDATA[java.io.IOException: Cannot run program "/Users/mdyusufansari/eclipse-workspace/AppiumPOM/src/main/java/resources/yusufEmulator": error=13, Permission denied
at java.lang.ProcessBuilder.start(ProcessBuilder.java:1048)
at java.lang.Runtime.exec(Runtime.java:620)
at java.lang.Runtime.exec(Runtime.java:450)
at java.lang.Runtime.exec(Runtime.java:347)
at com.TestVagrant.AppiumPOM.Base.startEmulator(Base.java:53)
at com.TestVagrant.AppiumPOM.Base.getCapabilities(Base.java:72)
at com.TestVagrant.AppiumPOM.ApiDemoTest.preferenceTabTest(ApiDemoTest.java:21)
at sun.reflect.NativeMethodAccessorImpl.invoke0(Native Method)
at sun.reflect.NativeMethodAccessorImpl.invoke(NativeMethodAccessorImpl.java:62)
at sun.reflect.DelegatingMethodAccessorImpl.invoke(DelegatingMethodAccessorImpl.java:43)
at java.lang.reflect.Method.invoke(Method.java:498)
at org.testng.internal.MethodInvocationHelper.invokeMethod(MethodInvocationHelper.java:124)
at org.testng.internal.Invoker.invokeMethod(Invoker.java:583)
at org.testng.internal.Invoker.invokeTestMethod(Invoker.java:719)
at org.testng.internal.Invoker.invokeTestMethods(Invoker.java:989)
at org.testng.internal.TestMethodWorker.invokeTestMethods(TestMethodWorker.java:125)
at org.testng.internal.TestMethodWorker.run(TestMethodWorker.java:109)
at org.testng.TestRunner.privateRun(TestRunner.java:648)
at org.testng.TestRunner.run(TestRunner.java:505)
at org.testng.SuiteRunner.runTest(SuiteRunner.java:455)
at org.testng.SuiteRunner.runSequentially(SuiteRunner.java:450)
at org.testng.SuiteRunner.privateRun(SuiteRunner.java:415)
at org.testng.SuiteRunner.run(SuiteRunner.java:364)
at org.testng.SuiteRunnerWorker.runSuite(SuiteRunnerWorker.java:52)
at org.testng.SuiteRunnerWorker.run(SuiteRunnerWorker.java:84)
at org.testng.TestNG.runSuitesSequentially(TestNG.java:1208)
at org.testng.TestNG.runSuitesLocally(TestNG.java:1137)
at org.testng.TestNG.runSuites(TestNG.java:1049)
at org.testng.TestNG.run(TestNG.java:1017)
at org.testng.remote.AbstractRemoteTestNG.run(AbstractRemoteTestNG.java:115)
at org.testng.remote.RemoteTestNG.initAndRun(RemoteTestNG.java:251)
at org.testng.remote.RemoteTestNG.main(RemoteTestNG.java:77)
Caused by: java.io.IOException: error=13, Permission denied
at java.lang.UNIXProcess.forkAndExec(Native Method)
at java.lang.UNIXProcess.<init>(UNIXProcess.java:247)
at java.lang.ProcessImpl.start(ProcessImpl.java:134)
at java.lang.ProcessBuilder.start(ProcessBuilder.java:1029)
... 31 more
]]>
            </full-stacktrace>
          </exception> <!-- java.io.IOException -->
          <reporter-output>
          </reporter-output>
        </test-method> <!-- preferenceTabTest -->
        <test-method status="FAIL" signature="preferenceTabTest(java.lang.String)[pri:0, instance:com.TestVagrant.AppiumPOM.ApiDemoTest@3a5ed7a6]" name="preferenceTabTest" duration-ms="5" started-at="2019-11-11T05:44:57Z" data-provider="InputData" finished-at="2019-11-11T05:44:57Z">
          <params>
            <param index="0">
              <value>
                <![CDATA[xyz]]>
              </value>
            </param>
          </params>
          <exception class="java.io.IOException">
            <message>
              <![CDATA[Cannot run program "/Users/mdyusufansari/eclipse-workspace/AppiumPOM/src/main/java/resources/yusufEmulator": error=13, Permission denied]]>
            </message>
            <full-stacktrace>
              <![CDATA[java.io.IOException: Cannot run program "/Users/mdyusufansari/eclipse-workspace/AppiumPOM/src/main/java/resources/yusufEmulator": error=13, Permission denied
at java.lang.ProcessBuilder.start(ProcessBuilder.java:1048)
at java.lang.Runtime.exec(Runtime.java:620)
at java.lang.Runtime.exec(Runtime.java:450)
at java.lang.Runtime.exec(Runtime.java:347)
at com.TestVagrant.AppiumPOM.Base.startEmulator(Base.java:53)
at com.TestVagrant.AppiumPOM.Base.getCapabilities(Base.java:72)
at com.TestVagrant.AppiumPOM.ApiDemoTest.preferenceTabTest(ApiDemoTest.java:21)
at sun.reflect.NativeMethodAccessorImpl.invoke0(Native Method)
at sun.reflect.NativeMethodAccessorImpl.invoke(NativeMethodAccessorImpl.java:62)
at sun.reflect.DelegatingMethodAccessorImpl.invoke(DelegatingMethodAccessorImpl.java:43)
at java.lang.reflect.Method.invoke(Method.java:498)
at org.testng.internal.MethodInvocationHelper.invokeMethod(MethodInvocationHelper.java:124)
at org.testng.internal.Invoker.invokeMethod(Invoker.java:583)
at org.testng.internal.Invoker.invokeTestMethod(Invoker.java:719)
at org.testng.internal.Invoker.invokeTestMethods(Invoker.java:989)
at org.testng.internal.TestMethodWorker.invokeTestMethods(TestMethodWorker.java:125)
at org.testng.internal.TestMethodWorker.run(TestMethodWorker.java:109)
at org.testng.TestRunner.privateRun(TestRunner.java:648)
at org.testng.TestRunner.run(TestRunner.java:505)
at org.testng.SuiteRunner.runTest(SuiteRunner.java:455)
at org.testng.SuiteRunner.runSequentially(SuiteRunner.java:450)
at org.testng.SuiteRunner.privateRun(SuiteRunner.java:415)
at org.testng.SuiteRunner.run(SuiteRunner.java:364)
at org.testng.SuiteRunnerWorker.runSuite(SuiteRunnerWorker.java:52)
at org.testng.SuiteRunnerWorker.run(SuiteRunnerWorker.java:84)
at org.testng.TestNG.runSuitesSequentially(TestNG.java:1208)
at org.testng.TestNG.runSuitesLocally(TestNG.java:1137)
at org.testng.TestNG.runSuites(TestNG.java:1049)
at org.testng.TestNG.run(TestNG.java:1017)
at org.testng.remote.AbstractRemoteTestNG.run(AbstractRemoteTestNG.java:115)
at org.testng.remote.RemoteTestNG.initAndRun(RemoteTestNG.java:251)
at org.testng.remote.RemoteTestNG.main(RemoteTestNG.java:77)
Caused by: java.io.IOException: error=13, Permission denied
at java.lang.UNIXProcess.forkAndExec(Native Method)
at java.lang.UNIXProcess.<init>(UNIXProcess.java:247)
at java.lang.ProcessImpl.start(ProcessImpl.java:134)
at java.lang.ProcessBuilder.start(ProcessBuilder.java:1029)
... 31 more
]]>
            </full-stacktrace>
          </exception> <!-- java.io.IOException -->
          <reporter-output>
          </reporter-output>
        </test-method> <!-- preferenceTabTest -->
        <test-method status="PASS" signature="stopServer()[pri:0, instance:com.TestVagrant.AppiumPOM.ApiDemoTest@3a5ed7a6]" name="stopServer" is-config="true" duration-ms="2087" started-at="2019-11-11T05:44:57Z" finished-at="2019-11-11T05:44:59Z">
          <reporter-output>
          </reporter-output>
        </test-method> <!-- stopServer -->
      </class> <!-- com.TestVagrant.AppiumPOM.ApiDemoTest -->
    </test> <!-- Default test -->
  </suite> <!-- Default suite -->
</testng-results>
